08:03:56.625 [main                     ] DEBUG Logger               - Configured Logger
08:03:56.634 [main                     ] DEBUG GameApplication      - Logging settings
Title: Slither IO - Java FXGL
Version: 1.2
Width: 1000
Height: 700
Fullscreen: false
Intro: false
Profiling: false
Single step:false
App Mode: DEVELOPER
Menu Key: ESCAPE
Stage Style: DECORATED
Scene Factory: class SchlitzerApp$1

08:03:57.089 [JavaFX Application Thread] DEBUG FXGLApplication      - Initializing FXGL
08:03:57.091 [JavaFX Application Thread] INFO  Engine               - FXGL-17.3 (30.03.2023 11.49) on WINDOWS (J:26 FX:20)
08:03:57.092 [JavaFX Application Thread] DEBUG Engine               - JRE Vendor Name: Oracle Corporation
08:03:57.092 [JavaFX Application Thread] DEBUG Engine               - Running on OS: Windows 11 version 10.0
08:03:57.092 [JavaFX Application Thread] DEBUG Engine               - Architecture: amd64
08:03:57.092 [JavaFX Application Thread] INFO  Engine               - Source code and latest versions at: https://github.com/AlmasB/FXGL
08:03:57.092 [JavaFX Application Thread] INFO  Engine               -       Ask questions and discuss at: https://github.com/AlmasB/FXGL/discussions
08:03:57.092 [JavaFX Application Thread] INFO  Engine               -              Join the FXGL chat at: https://gitter.im/AlmasB/FXGL
08:03:57.196 [JavaFX Application Thread] DEBUG PrimaryStageWindow   - Creating a JavaFX scene
08:03:57.249 [JavaFX Application Thread] DEBUG PrimaryStageWindow   - Target settings size: 1000.0 x 700.0
08:03:57.250 [JavaFX Application Thread] DEBUG PrimaryStageWindow   - Scaled scene size:    1000.0 x 700.0
08:03:57.250 [JavaFX Application Thread] DEBUG PrimaryStageWindow   - Scaled ratio: (1.0, 1.0)
08:03:57.251 [JavaFX Application Thread] DEBUG PrimaryStageWindow   - Set initial scene to FXGLStartupScene
08:03:57.255 [JavaFX Application Thread] DEBUG PrimaryStageWindow   - Opening main window
08:03:57.398 [JavaFX Application Thread] DEBUG PrimaryStageWindow   - Window border size: (14.4000244140625, 37.5999755859375)
08:03:57.398 [JavaFX Application Thread] DEBUG PrimaryStageWindow   - Scaled size: 1000.0 x 700.0
08:03:57.398 [JavaFX Application Thread] DEBUG PrimaryStageWindow   - Scaled ratio: (1.0, 1.0)
08:03:57.398 [JavaFX Application Thread] DEBUG PrimaryStageWindow   - Scene size: 1000.0 x 700.0
08:03:57.398 [JavaFX Application Thread] DEBUG PrimaryStageWindow   - Stage size: 1014.4000244140625 x 737.5999755859375
08:03:57.406 [FXGL Background Thread 1 ] DEBUG Engine               - Initializing environment variables
08:03:57.469 [FXGL Background Thread 1 ] DEBUG FXGLAssetLoaderServi - User app class for loading assets: class SchlitzerApp
08:03:57.469 [FXGL Background Thread 1 ] DEBUG GameApplicationServi - Applying CSS: fxgl_dark.css
08:03:57.470 [FXGL Background Thread 1 ] DEBUG FXGLAssetLoaderServi - Loading from file system: jar:file:/C:/Users/User/.m2/repository/com/github/almasb/fxgl/17.3/fxgl-17.3.jar!/fxglassets/ui/css/fxgl_dark.css
08:03:57.506 [FXGL Background Thread 1 ] DEBUG GameApplicationServi - Initializing application scenes
08:03:57.546 [FXGL Background Thread 1 ] DEBUG GameWorld            - Game world initialized
08:03:57.579 [FXGL Background Thread 1 ] DEBUG PhysicsWorld         - Physics world initialized: appHeight=700, physics.ppm=50,0
08:03:57.580 [FXGL Background Thread 1 ] DEBUG PhysicsWorld         - Using strategy: BRUTE_FORCE
08:03:57.584 [FXGL Background Thread 1 ] DEBUG GameScene            - Game scene initialized: 1000x700
08:03:57.603 [FXGL Background Thread 1 ] DEBUG FXGL.DefaultMenu     - createMenuBodyGameMenu()
08:03:57.616 [FXGL Background Thread 1 ] DEBUG FXGL.DefaultMenu     - createOptionsMenu()
08:03:57.627 [FXGL Background Thread 1 ] DEBUG FXGLAssetLoaderServi - Loading from file system: jar:file:/C:/Users/User/.m2/repository/com/github/almasb/fxgl/17.3/fxgl-17.3.jar!/fxglassets/textures/particles/smoke.png
08:03:57.699 [FXGL Background Thread 1 ] DEBUG FXGLAssetLoaderServi - Loading from file system: jar:file:/C:/Users/User/.m2/repository/com/github/almasb/fxgl/17.3/fxgl-17.3.jar!/fxglassets/textures/particles/trace_horizontal.png
08:03:57.720 [FXGL Background Thread 1 ] DEBUG GameApplicationServi - Application scenes initialized
08:03:57.731 [FXGL Background Thread 1 ] DEBUG SystemBundleService  - Loading FXGL system data
08:03:57.734 [FXGL Background Thread 1 ] DEBUG FileSystemAccess     - Reading from: C:\Users\User\IdeaProjects\schlitzerio\system\fxgl.bundle
08:03:57.740 [FXGL Background Thread 1 ] DEBUG SystemBundleService  - Bundle FXGL: {}
08:03:57.740 [FXGL Background Thread 1 ] DEBUG UpdaterService       - Checking for updates
08:03:57.742 [FXGL Background Thread 4 ] DEBUG FXGLApplication      - Loading fonts
08:03:57.743 [FXGL Background Thread 4 ] DEBUG FXGLAssetLoaderServi - Loading from file system: jar:file:/C:/Users/User/.m2/repository/com/github/almasb/fxgl/17.3/fxgl-17.3.jar!/fxglassets/ui/fonts/VarelaRound-Regular.ttf
08:03:57.743 [FXGL Background Thread 1 ] DEBUG FXGLAssetLoaderServi - Loading from file system: jar:file:/C:/Users/User/.m2/repository/com/github/almasb/fxgl/17.3/fxgl-17.3.jar!/fxglassets/languages/english.lang
08:03:57.763 [FXGL Background Thread 1 ] INFO  FXGLApplication      - FXGL initialization took: 0,357 sec
08:03:57.772 [JavaFX Application Thread] DEBUG Input                - Registered new binding: action0 - Esc
08:03:57.773 [JavaFX Application Thread] DEBUG Input                - Registered new binding: action1 - Space
08:03:57.774 [JavaFX Application Thread] DEBUG FXGLAssetLoaderServi - Loading from file system: jar:file:/C:/Users/User/.m2/repository/com/github/almasb/fxgl/17.3/fxgl-17.3.jar!/fxglassets/textures/fxgl_icon.png
08:03:57.793 [JavaFX Application Thread] DEBUG FXGLAssetLoaderServi - Loading from file system: jar:file:/C:/Users/User/.m2/repository/com/github/almasb/fxgl/17.3/fxgl-17.3.jar!/fxglassets/textures/fxgl_default_cursor.png
08:03:57.793 [FXGL Background Thread 4 ] DEBUG FXGLAssetLoaderServi - Loading from file system: jar:file:/C:/Users/User/.m2/repository/com/github/almasb/fxgl/17.3/fxgl-17.3.jar!/fxglassets/ui/fonts/Abel-Regular.ttf
08:03:57.796 [JavaFX Application Thread] DEBUG Input                - Registered new binding: Screenshot - CTRL+8
08:03:57.796 [JavaFX Application Thread] DEBUG Input                - Registered new binding: System info dump - CTRL+9
08:03:57.797 [JavaFX Application Thread] DEBUG Input                - Registered new binding: Restart - CTRL+R
08:03:57.797 [JavaFX Application Thread] DEBUG Input                - Registered new binding: Toggle Debug Camera - CTRL+7
08:03:57.799 [JavaFX Application Thread] DEBUG LoopRunner           - Starting loop
08:03:57.799 [JavaFX Application Thread] DEBUG LoopRunner           - Initializing JavaFX AnimationTimerLoop
08:03:57.803 [JavaFX Application Thread] DEBUG Input                - Clearing active input actions
08:03:57.809 [JavaFX Application Thread] DEBUG GameApplicationServi - Removing overlay from FXGLStartupScene and adding to FXGLMainMenuDummyScene
08:03:57.809 [JavaFX Application Thread] DEBUG PrimaryStageWindow   - FXGLStartupScene -> FXGLMainMenuDummyScene
08:03:57.809 [JavaFX Application Thread] DEBUG PrimaryStageWindow   - Push state: MainMenu
08:03:57.809 [JavaFX Application Thread] DEBUG Input                - Clearing active input actions
08:03:57.810 [FXGL Background Thread 4 ] DEBUG FXGLAssetLoaderServi - Loading from file system: jar:file:/C:/Users/User/.m2/repository/com/github/almasb/fxgl/17.3/fxgl-17.3.jar!/fxglassets/ui/fonts/TerminalLandMono-Regular.otf
08:03:57.818 [JavaFX Application Thread] DEBUG GameApplicationServi - Removing overlay from FXGLMainMenuDummyScene and adding to MainMenu
08:03:57.819 [JavaFX Application Thread] DEBUG PrimaryStageWindow   - FXGLMainMenuDummyScene -> MainMenu
08:03:57.821 [FXGL Background Thread 4 ] DEBUG FXGLAssetLoaderServi - Loading from file system: jar:file:/C:/Users/User/.m2/repository/com/github/almasb/fxgl/17.3/fxgl-17.3.jar!/fxglassets/ui/fonts/Courier-Prime.ttf
08:03:57.877 [JavaFX Application Thread] DEBUG FXGLApplication      - Registering font factories with UI factory
08:04:00.741 [FXGL Background Thread 3 ] DEBUG Engine               - Logging environment variables
08:04:00.741 [FXGL Background Thread 3 ] DEBUG Engine               - achievements: []
08:04:00.742 [FXGL Background Thread 3 ] DEBUG Engine               - actualHeight: 700.0
08:04:00.742 [FXGL Background Thread 3 ] DEBUG Engine               - actualHeightProperty: ReadOnlyDoubleProperty [value: 700.0]
08:04:00.742 [FXGL Background Thread 3 ] DEBUG Engine               - actualWidth: 1000.0
08:04:00.742 [FXGL Background Thread 3 ] DEBUG Engine               - actualWidthProperty: ReadOnlyDoubleProperty [value: 1000.0]
08:04:00.742 [FXGL Background Thread 3 ] DEBUG Engine               - appIcon: fxgl_icon.png
08:04:00.743 [FXGL Background Thread 3 ] DEBUG Engine               - applicationMode: DEVELOPER
08:04:00.743 [FXGL Background Thread 3 ] DEBUG Engine               - cSSList: [fxgl_dark.css]
08:04:00.743 [FXGL Background Thread 3 ] DEBUG Engine               - collisionDetectionStrategy: BRUTE_FORCE
08:04:00.743 [FXGL Background Thread 3 ] DEBUG Engine               - configClass: Optional.empty
08:04:00.744 [FXGL Background Thread 3 ] DEBUG Engine               - credits: []
08:04:00.744 [FXGL Background Thread 3 ] DEBUG Engine               - defaultCursor: CursorInfo(imageName=fxgl_default_cursor.png, hotspotX=7.0, hotspotY=6.0)
08:04:00.745 [FXGL Background Thread 3 ] DEBUG Engine               - devBBoxColorProperty: ObjectProperty [value: 0xff0000ff]
08:04:00.745 [FXGL Background Thread 3 ] DEBUG Engine               - devEnableDebugCameraProperty: BooleanProperty [value: false]
08:04:00.745 [FXGL Background Thread 3 ] DEBUG Engine               - devSensorColorProperty: ObjectProperty [value: 0xffff00ff]
08:04:00.746 [FXGL Background Thread 3 ] DEBUG Engine               - devShowBBoxProperty: BooleanProperty [value: false]
08:04:00.746 [FXGL Background Thread 3 ] DEBUG Engine               - devShowPositionProperty: BooleanProperty [value: false]
08:04:00.746 [FXGL Background Thread 3 ] DEBUG Engine               - enabledMenuItems: []
08:04:00.746 [FXGL Background Thread 3 ] DEBUG Engine               - engineServices: [class com.almasb.fxgl.app.services.FXGLAssetLoaderService, class com.almasb.fxgl.app.FXGLApplication$GameApplicationService, class com.almasb.fxgl.app.services.FXGLDialogService, class com.almasb.fxgl.app.services.IOTaskExecutorService, class com.almasb.fxgl.io.FileSystemService, class com.almasb.fxgl.localization.LocalizationService, class com.almasb.fxgl.app.services.SystemBundleService, class com.almasb.fxgl.profile.SaveLoadService, class com.almasb.fxgl.ui.FXGLUIFactoryServiceProvider, class com.almasb.fxgl.ui.FXGLDialogFactoryServiceProvider, class com.almasb.fxgl.audio.AudioPlayer, class com.almasb.fxgl.notification.impl.NotificationServiceProvider, class com.almasb.fxgl.achievement.AchievementService, class com.almasb.fxgl.cutscene.CutsceneService, class com.almasb.fxgl.minigames.MiniGameService, class com.almasb.fxgl.net.NetService, class com.almasb.fxgl.app.services.UpdaterService, class com.almasb.fxgl.dev.DevService]
08:04:00.747 [FXGL Background Thread 3 ] DEBUG Engine               - fontGame: Abel-Regular.ttf
08:04:00.747 [FXGL Background Thread 3 ] DEBUG Engine               - fontMono: TerminalLandMono-Regular.otf
08:04:00.747 [FXGL Background Thread 3 ] DEBUG Engine               - fontSizeScaleUI: 1.0
08:04:00.747 [FXGL Background Thread 3 ] DEBUG Engine               - fontText: Courier-Prime.ttf
08:04:00.747 [FXGL Background Thread 3 ] DEBUG Engine               - fontUI: VarelaRound-Regular.ttf
08:04:00.747 [FXGL Background Thread 3 ] DEBUG Engine               - fullScreen: BooleanProperty [value: false]
08:04:00.747 [FXGL Background Thread 3 ] DEBUG Engine               - gameDifficulty: MEDIUM
08:04:00.747 [FXGL Background Thread 3 ] DEBUG Engine               - gameDifficultyProperty: ObjectProperty [value: MEDIUM]
08:04:00.747 [FXGL Background Thread 3 ] DEBUG Engine               - globalMusicVolume: 0.5
08:04:00.747 [FXGL Background Thread 3 ] DEBUG Engine               - globalMusicVolumeProperty: DoubleProperty [value: 0.5]
08:04:00.747 [FXGL Background Thread 3 ] DEBUG Engine               - globalSoundVolume: 0.5
08:04:00.747 [FXGL Background Thread 3 ] DEBUG Engine               - globalSoundVolumeProperty: DoubleProperty [value: 0.5]
08:04:00.747 [FXGL Background Thread 3 ] DEBUG Engine               - height: 700
08:04:00.747 [FXGL Background Thread 3 ] DEBUG Engine               - is3D: false
08:04:00.747 [FXGL Background Thread 3 ] DEBUG Engine               - isAndroid: false
08:04:00.747 [FXGL Background Thread 3 ] DEBUG Engine               - isBrowser: false
08:04:00.747 [FXGL Background Thread 3 ] DEBUG Engine               - isClickFeedbackEnabled: false
08:04:00.747 [FXGL Background Thread 3 ] DEBUG Engine               - isCloseConfirmation: false
08:04:00.747 [FXGL Background Thread 3 ] DEBUG Engine               - isDesktop: true
08:04:00.748 [FXGL Background Thread 3 ] DEBUG Engine               - isDeveloperMenuEnabled: false
08:04:00.748 [FXGL Background Thread 3 ] DEBUG Engine               - isEmbedded: false
08:04:00.748 [FXGL Background Thread 3 ] DEBUG Engine               - isEntityPreloadEnabled: true
08:04:00.748 [FXGL Background Thread 3 ] DEBUG Engine               - isExperimentalTiledLargeMap: false
08:04:00.748 [FXGL Background Thread 3 ] DEBUG Engine               - isFileSystemWriteAllowed: true
08:04:00.748 [FXGL Background Thread 3 ] DEBUG Engine               - isFullScreenAllowed: false
08:04:00.748 [FXGL Background Thread 3 ] DEBUG Engine               - isFullScreenFromStart: false
08:04:00.748 [FXGL Background Thread 3 ] DEBUG Engine               - isGameMenuEnabled: true
08:04:00.748 [FXGL Background Thread 3 ] DEBUG Engine               - isIOS: false
08:04:00.748 [FXGL Background Thread 3 ] DEBUG Engine               - isIntroEnabled: false
08:04:00.748 [FXGL Background Thread 3 ] DEBUG Engine               - isLinux: false
08:04:00.748 [FXGL Background Thread 3 ] DEBUG Engine               - isMac: false
08:04:00.748 [FXGL Background Thread 3 ] DEBUG Engine               - isMainMenuEnabled: true
08:04:00.748 [FXGL Background Thread 3 ] DEBUG Engine               - isManualResizeEnabled: false
08:04:00.748 [FXGL Background Thread 3 ] DEBUG Engine               - isMobile: false
08:04:00.748 [FXGL Background Thread 3 ] DEBUG Engine               - isNative: false
08:04:00.748 [FXGL Background Thread 3 ] DEBUG Engine               - isPauseMusicWhenMinimized: true
08:04:00.748 [FXGL Background Thread 3 ] DEBUG Engine               - isPreserveResizeRatio: false
08:04:00.748 [FXGL Background Thread 3 ] DEBUG Engine               - isProfilingEnabled: false
08:04:00.749 [FXGL Background Thread 3 ] DEBUG Engine               - isScaleAffectedOnResize: true
08:04:00.749 [FXGL Background Thread 3 ] DEBUG Engine               - isSingleStep: false
08:04:00.749 [FXGL Background Thread 3 ] DEBUG Engine               - isUserProfileEnabled: false
08:04:00.749 [FXGL Background Thread 3 ] DEBUG Engine               - isWindows: true
08:04:00.749 [FXGL Background Thread 3 ] DEBUG Engine               - language: ObjectProperty [value: ENGLISH]
08:04:00.750 [FXGL Background Thread 3 ] DEBUG Engine               - menuKey: ESCAPE
08:04:00.750 [FXGL Background Thread 3 ] DEBUG Engine               - mouseSensitivity: 0.2
08:04:00.750 [FXGL Background Thread 3 ] DEBUG Engine               - notificationViewClass: class com.almasb.fxgl.notification.view.XboxNotificationView
08:04:00.751 [FXGL Background Thread 3 ] DEBUG Engine               - pixelsPerMeter: 50.0
08:04:00.751 [FXGL Background Thread 3 ] DEBUG Engine               - platform: WINDOWS
08:04:00.751 [FXGL Background Thread 3 ] DEBUG Engine               - prefHeightProperty: ReadOnlyDoubleProperty [value: 700.0]
08:04:00.751 [FXGL Background Thread 3 ] DEBUG Engine               - prefWidthProperty: ReadOnlyDoubleProperty [value: 1000.0]
08:04:00.751 [FXGL Background Thread 3 ] DEBUG Engine               - profileDir: profiles/
08:04:00.751 [FXGL Background Thread 3 ] DEBUG Engine               - profileName: StringProperty [value: DEFAULT]
08:04:00.751 [FXGL Background Thread 3 ] DEBUG Engine               - randomSeed: -1
08:04:00.751 [FXGL Background Thread 3 ] DEBUG Engine               - runtimeInfo: RuntimeInfo(platform=WINDOWS, version=17.3, build=30.03.2023 11.49)
08:04:00.751 [FXGL Background Thread 3 ] DEBUG Engine               - saveFileExt: sav
08:04:00.751 [FXGL Background Thread 3 ] DEBUG Engine               - scaledHeightProp$fxgl: DoubleProperty [bound, value: 700.0]
08:04:00.751 [FXGL Background Thread 3 ] DEBUG Engine               - scaledWidthProp$fxgl: DoubleProperty [bound, value: 1000.0]
08:04:00.751 [FXGL Background Thread 3 ] DEBUG Engine               - sceneFactory: SchlitzerApp$1@1502a298
08:04:00.752 [FXGL Background Thread 3 ] DEBUG Engine               - secondsIn24h: 60
08:04:00.752 [FXGL Background Thread 3 ] DEBUG Engine               - soundMenuBack: menu/back.wav
08:04:00.752 [FXGL Background Thread 3 ] DEBUG Engine               - soundMenuPress: menu/press.wav
08:04:00.752 [FXGL Background Thread 3 ] DEBUG Engine               - soundMenuSelect: menu/select.wav
08:04:00.752 [FXGL Background Thread 3 ] DEBUG Engine               - soundNotification: core/notification.wav
08:04:00.752 [FXGL Background Thread 3 ] DEBUG Engine               - stageStyle: DECORATED
08:04:00.752 [FXGL Background Thread 3 ] DEBUG Engine               - supportedLanguages: [ENGLISH, FRENCH, GERMAN, HUNGARIAN, RUSSIAN]
08:04:00.752 [FXGL Background Thread 3 ] DEBUG Engine               - ticksPerSecond: -1
08:04:00.752 [FXGL Background Thread 3 ] DEBUG Engine               - title: Slither IO - Java FXGL
08:04:00.752 [FXGL Background Thread 3 ] DEBUG Engine               - urlGithub: https://github.com/AlmasB/FXGL
08:04:00.752 [FXGL Background Thread 3 ] DEBUG Engine               - urlLeaderboard: http://fxgl-top.herokuapp.com/
08:04:00.752 [FXGL Background Thread 3 ] DEBUG Engine               - urlPOM: https://raw.githubusercontent.com/AlmasB/FXGL/release/README.md
08:04:00.752 [FXGL Background Thread 3 ] DEBUG Engine               - userAppClass: class SchlitzerApp
08:04:00.752 [FXGL Background Thread 3 ] DEBUG Engine               - version: 1.2
08:04:00.752 [FXGL Background Thread 3 ] DEBUG Engine               - versionCheckDays: 7
08:04:00.752 [FXGL Background Thread 3 ] DEBUG Engine               - width: 1000
08:04:00.752 [FXGL Background Thread 3 ] DEBUG Engine               - Logging services
08:04:00.752 [FXGL Background Thread 3 ] DEBUG Engine               - class com.almasb.fxgl.app.services.FXGLAssetLoaderService
08:04:00.752 [FXGL Background Thread 3 ] DEBUG Engine               - class com.almasb.fxgl.app.FXGLApplication$GameApplicationService
08:04:00.752 [FXGL Background Thread 3 ] DEBUG Engine               - class com.almasb.fxgl.app.services.FXGLDialogService
08:04:00.752 [FXGL Background Thread 3 ] DEBUG Engine               - class com.almasb.fxgl.app.services.IOTaskExecutorService
08:04:00.752 [FXGL Background Thread 3 ] DEBUG Engine               - class com.almasb.fxgl.io.FileSystemService
08:04:00.752 [FXGL Background Thread 3 ] DEBUG Engine               - class com.almasb.fxgl.localization.LocalizationService
08:04:00.752 [FXGL Background Thread 3 ] DEBUG Engine               - class com.almasb.fxgl.app.services.SystemBundleService
08:04:00.752 [FXGL Background Thread 3 ] DEBUG Engine               - class com.almasb.fxgl.profile.SaveLoadService
08:04:00.752 [FXGL Background Thread 3 ] DEBUG Engine               - class com.almasb.fxgl.ui.FXGLUIFactoryServiceProvider
08:04:00.752 [FXGL Background Thread 3 ] DEBUG Engine               - class com.almasb.fxgl.ui.FXGLDialogFactoryServiceProvider
08:04:00.752 [FXGL Background Thread 3 ] DEBUG Engine               - class com.almasb.fxgl.audio.AudioPlayer
08:04:00.752 [FXGL Background Thread 3 ] DEBUG Engine               - class com.almasb.fxgl.notification.impl.NotificationServiceProvider
08:04:00.752 [FXGL Background Thread 3 ] DEBUG Engine               - class com.almasb.fxgl.achievement.AchievementService
08:04:00.752 [FXGL Background Thread 3 ] DEBUG Engine               - class com.almasb.fxgl.cutscene.CutsceneService
08:04:00.752 [FXGL Background Thread 3 ] DEBUG Engine               - class com.almasb.fxgl.minigames.MiniGameService
08:04:00.752 [FXGL Background Thread 3 ] DEBUG Engine               - class com.almasb.fxgl.net.NetService
08:04:00.752 [FXGL Background Thread 3 ] DEBUG Engine               - class com.almasb.fxgl.app.services.UpdaterService
08:04:00.752 [FXGL Background Thread 3 ] DEBUG Engine               - class com.almasb.fxgl.dev.DevService
08:04:02.578 [FXGL Background Thread 2 ] INFO  UpdaterService       - Your current version:  17.3
08:04:02.579 [FXGL Background Thread 2 ] INFO  UpdaterService       - Latest stable version: 25
08:04:04.225 [JavaFX Application Thread] DEBUG Menu                 - fireExit()
08:04:04.228 [JavaFX Application Thread] DEBUG PrimaryStageWindow   - Push state: DialogSubScene
08:04:04.228 [JavaFX Application Thread] DEBUG Input                - Clearing active input actions
08:04:04.230 [JavaFX Application Thread] DEBUG GameApplicationServi - Removing overlay from MainMenu and adding to DialogSubScene
08:04:04.230 [JavaFX Application Thread] DEBUG PrimaryStageWindow   - MainMenu -> DialogSubScene
08:04:05.875 [JavaFX Application Thread] DEBUG PrimaryStageWindow   - Pop state: DialogSubScene
08:04:05.875 [JavaFX Application Thread] DEBUG Input                - Clearing active input actions
08:04:05.876 [JavaFX Application Thread] DEBUG GameApplicationServi - Removing overlay from DialogSubScene and adding to MainMenu
08:04:05.877 [JavaFX Application Thread] DEBUG PrimaryStageWindow   - MainMenu <- DialogSubScene
08:04:05.877 [JavaFX Application Thread] DEBUG FXGLApplication      - Exiting FXGL
08:04:05.877 [JavaFX Application Thread] DEBUG LoopRunner           - Stopping loop
08:04:05.877 [JavaFX Application Thread] DEBUG SystemBundleService  - Saving FXGL system data
08:04:05.879 [JavaFX Application Thread] DEBUG FileSystemAccess     - Writing to: C:\Users\User\IdeaProjects\schlitzerio\system\fxgl.bundle
08:04:05.882 [JavaFX Application Thread] DEBUG Async                - Shutting down background threads
08:04:05.882 [JavaFX Application Thread] DEBUG PrimaryStageWindow   - Closing main window
08:04:05.917 [JavaFX Application Thread] DEBUG Logger               - Closing Logger
