07:43:32.987 [main                     ] DEBUG Logger               - Configured Logger
07:43:32.997 [main                     ] DEBUG GameApplication      - Logging settings
Title: Slither IO - Java FXGL
Version: 1.2
Width: 1000
Height: 700
Fullscreen: false
Intro: false
Profiling: false
Single step:false
App Mode: DEVELOPER
Menu Key: ESCAPE
Stage Style: DECORATED
Scene Factory: class SchlitzerApp$1

07:43:33.731 [JavaFX Application Thread] DEBUG FXGLApplication      - Initializing FXGL
07:43:33.735 [JavaFX Application Thread] INFO  Engine               - FXGL-17.3 (30.03.2023 11.49) on WINDOWS (J:26 FX:20)
07:43:33.735 [JavaFX Application Thread] DEBUG Engine               - JRE Vendor Name: Oracle Corporation
07:43:33.735 [JavaFX Application Thread] DEBUG Engine               - Running on OS: Windows 11 version 10.0
07:43:33.735 [JavaFX Application Thread] DEBUG Engine               - Architecture: amd64
07:43:33.735 [JavaFX Application Thread] INFO  Engine               - Source code and latest versions at: https://github.com/AlmasB/FXGL
07:43:33.735 [JavaFX Application Thread] INFO  Engine               -       Ask questions and discuss at: https://github.com/AlmasB/FXGL/discussions
07:43:33.735 [JavaFX Application Thread] INFO  Engine               -              Join the FXGL chat at: https://gitter.im/AlmasB/FXGL
07:43:33.860 [JavaFX Application Thread] DEBUG PrimaryStageWindow   - Creating a JavaFX scene
07:43:33.943 [JavaFX Application Thread] DEBUG PrimaryStageWindow   - Target settings size: 1000.0 x 700.0
07:43:33.943 [JavaFX Application Thread] DEBUG PrimaryStageWindow   - Scaled scene size:    1000.0 x 700.0
07:43:33.944 [JavaFX Application Thread] DEBUG PrimaryStageWindow   - Scaled ratio: (1.0, 1.0)
07:43:33.945 [JavaFX Application Thread] DEBUG PrimaryStageWindow   - Set initial scene to FXGLStartupScene
07:43:33.948 [JavaFX Application Thread] DEBUG PrimaryStageWindow   - Opening main window
07:43:34.078 [JavaFX Application Thread] DEBUG PrimaryStageWindow   - Window border size: (14.4000244140625, 37.5999755859375)
07:43:34.078 [JavaFX Application Thread] DEBUG PrimaryStageWindow   - Scaled size: 1000.0 x 700.0
07:43:34.078 [JavaFX Application Thread] DEBUG PrimaryStageWindow   - Scaled ratio: (1.0, 1.0)
07:43:34.078 [JavaFX Application Thread] DEBUG PrimaryStageWindow   - Scene size: 1000.0 x 700.0
07:43:34.078 [JavaFX Application Thread] DEBUG PrimaryStageWindow   - Stage size: 1014.4000244140625 x 737.5999755859375
07:43:34.089 [FXGL Background Thread 1 ] DEBUG Engine               - Initializing environment variables
07:43:34.144 [FXGL Background Thread 1 ] DEBUG FXGLAssetLoaderServi - User app class for loading assets: class SchlitzerApp
07:43:34.144 [FXGL Background Thread 1 ] DEBUG GameApplicationServi - Applying CSS: fxgl_dark.css
07:43:34.145 [FXGL Background Thread 1 ] DEBUG FXGLAssetLoaderServi - Loading from file system: jar:file:/C:/Users/User/.m2/repository/com/github/almasb/fxgl/17.3/fxgl-17.3.jar!/fxglassets/ui/css/fxgl_dark.css
07:43:34.184 [FXGL Background Thread 1 ] DEBUG GameApplicationServi - Initializing application scenes
07:43:34.230 [FXGL Background Thread 1 ] DEBUG GameWorld            - Game world initialized
07:43:34.273 [FXGL Background Thread 1 ] DEBUG PhysicsWorld         - Physics world initialized: appHeight=700, physics.ppm=50,0
07:43:34.273 [FXGL Background Thread 1 ] DEBUG PhysicsWorld         - Using strategy: BRUTE_FORCE
07:43:34.278 [FXGL Background Thread 1 ] DEBUG GameScene            - Game scene initialized: 1000x700
07:43:34.302 [FXGL Background Thread 1 ] DEBUG FXGL.DefaultMenu     - createMenuBodyGameMenu()
07:43:34.315 [FXGL Background Thread 1 ] DEBUG FXGL.DefaultMenu     - createOptionsMenu()
07:43:34.329 [FXGL Background Thread 1 ] DEBUG FXGLAssetLoaderServi - Loading from file system: jar:file:/C:/Users/User/.m2/repository/com/github/almasb/fxgl/17.3/fxgl-17.3.jar!/fxglassets/textures/particles/smoke.png
07:43:34.428 [FXGL Background Thread 1 ] DEBUG FXGLAssetLoaderServi - Loading from file system: jar:file:/C:/Users/User/.m2/repository/com/github/almasb/fxgl/17.3/fxgl-17.3.jar!/fxglassets/textures/particles/trace_horizontal.png
07:43:34.452 [FXGL Background Thread 1 ] DEBUG GameApplicationServi - Application scenes initialized
07:43:34.463 [FXGL Background Thread 1 ] DEBUG SystemBundleService  - Loading FXGL system data
07:43:34.472 [FXGL Background Thread 1 ] DEBUG FileSystemAccess     - Reading from: C:\Users\User\IdeaProjects\schlitzerio\system\fxgl.bundle
07:43:34.475 [FXGL Background Thread 1 ] DEBUG SystemBundleService  - Bundle FXGL: {}
07:43:34.475 [FXGL Background Thread 1 ] DEBUG UpdaterService       - Checking for updates
07:43:34.479 [FXGL Background Thread 4 ] DEBUG FXGLApplication      - Loading fonts
07:43:34.479 [FXGL Background Thread 4 ] DEBUG FXGLAssetLoaderServi - Loading from file system: jar:file:/C:/Users/User/.m2/repository/com/github/almasb/fxgl/17.3/fxgl-17.3.jar!/fxglassets/ui/fonts/VarelaRound-Regular.ttf
07:43:34.479 [FXGL Background Thread 1 ] DEBUG FXGLApplication      - Loading default localization
07:43:34.480 [FXGL Background Thread 1 ] DEBUG FXGLAssetLoaderServi - Loading from file system: jar:file:/C:/Users/User/.m2/repository/com/github/almasb/fxgl/17.3/fxgl-17.3.jar!/fxglassets/languages/english.lang
07:43:34.500 [FXGL Background Thread 4 ] DEBUG FXGLAssetLoaderServi - Loading from file system: jar:file:/C:/Users/User/.m2/repository/com/github/almasb/fxgl/17.3/fxgl-17.3.jar!/fxglassets/ui/fonts/Abel-Regular.ttf
07:43:34.501 [FXGL Background Thread 1 ] INFO  FXGLApplication      - FXGL initialization took: 0,412 sec
07:43:34.511 [JavaFX Application Thread] DEBUG Input                - Registered new binding: action0 - Esc
07:43:34.512 [JavaFX Application Thread] DEBUG Input                - Registered new binding: action1 - Space
07:43:34.512 [JavaFX Application Thread] DEBUG FXGLAssetLoaderServi - Loading from file system: jar:file:/C:/Users/User/.m2/repository/com/github/almasb/fxgl/17.3/fxgl-17.3.jar!/fxglassets/textures/fxgl_icon.png
07:43:34.512 [FXGL Background Thread 4 ] DEBUG FXGLAssetLoaderServi - Loading from file system: jar:file:/C:/Users/User/.m2/repository/com/github/almasb/fxgl/17.3/fxgl-17.3.jar!/fxglassets/ui/fonts/TerminalLandMono-Regular.otf
07:43:34.525 [FXGL Background Thread 4 ] DEBUG FXGLAssetLoaderServi - Loading from file system: jar:file:/C:/Users/User/.m2/repository/com/github/almasb/fxgl/17.3/fxgl-17.3.jar!/fxglassets/ui/fonts/Courier-Prime.ttf
07:43:34.533 [JavaFX Application Thread] DEBUG FXGLAssetLoaderServi - Loading from file system: jar:file:/C:/Users/User/.m2/repository/com/github/almasb/fxgl/17.3/fxgl-17.3.jar!/fxglassets/textures/fxgl_default_cursor.png
07:43:34.542 [JavaFX Application Thread] DEBUG Input                - Registered new binding: Screenshot - CTRL+8
07:43:34.544 [JavaFX Application Thread] DEBUG Input                - Registered new binding: System info dump - CTRL+9
07:43:34.547 [JavaFX Application Thread] DEBUG Input                - Registered new binding: Restart - CTRL+R
07:43:34.548 [JavaFX Application Thread] DEBUG Input                - Registered new binding: Toggle Debug Camera - CTRL+7
07:43:34.551 [JavaFX Application Thread] DEBUG LoopRunner           - Starting loop
07:43:34.551 [JavaFX Application Thread] DEBUG LoopRunner           - Initializing JavaFX AnimationTimerLoop
07:43:34.555 [JavaFX Application Thread] DEBUG Input                - Clearing active input actions
07:43:34.570 [JavaFX Application Thread] DEBUG GameApplicationServi - Removing overlay from FXGLStartupScene and adding to FXGLMainMenuDummyScene
07:43:34.570 [JavaFX Application Thread] DEBUG PrimaryStageWindow   - FXGLStartupScene -> FXGLMainMenuDummyScene
07:43:34.571 [JavaFX Application Thread] DEBUG PrimaryStageWindow   - Push state: MainMenu
07:43:34.571 [JavaFX Application Thread] DEBUG Input                - Clearing active input actions
07:43:34.581 [JavaFX Application Thread] DEBUG GameApplicationServi - Removing overlay from FXGLMainMenuDummyScene and adding to MainMenu
07:43:34.582 [JavaFX Application Thread] DEBUG PrimaryStageWindow   - FXGLMainMenuDummyScene -> MainMenu
07:43:34.582 [JavaFX Application Thread] DEBUG FXGLApplication      - Registering font factories with UI factory
07:43:35.216 [FXGL Background Thread 2 ] INFO  UpdaterService       - Your current version:  17.3
07:43:35.218 [FXGL Background Thread 2 ] INFO  UpdaterService       - Latest stable version: 25
07:43:37.478 [FXGL Background Thread 3 ] DEBUG Engine               - Logging environment variables
07:43:37.479 [FXGL Background Thread 3 ] DEBUG Engine               - achievements: []
07:43:37.479 [FXGL Background Thread 3 ] DEBUG Engine               - actualHeight: 700.0
07:43:37.480 [FXGL Background Thread 3 ] DEBUG Engine               - actualHeightProperty: ReadOnlyDoubleProperty [value: 700.0]
07:43:37.480 [FXGL Background Thread 3 ] DEBUG Engine               - actualWidth: 1000.0
07:43:37.480 [FXGL Background Thread 3 ] DEBUG Engine               - actualWidthProperty: ReadOnlyDoubleProperty [value: 1000.0]
07:43:37.480 [FXGL Background Thread 3 ] DEBUG Engine               - appIcon: fxgl_icon.png
07:43:37.480 [FXGL Background Thread 3 ] DEBUG Engine               - applicationMode: DEVELOPER
07:43:37.481 [FXGL Background Thread 3 ] DEBUG Engine               - cSSList: [fxgl_dark.css]
07:43:37.481 [FXGL Background Thread 3 ] DEBUG Engine               - collisionDetectionStrategy: BRUTE_FORCE
07:43:37.481 [FXGL Background Thread 3 ] DEBUG Engine               - configClass: Optional.empty
07:43:37.481 [FXGL Background Thread 3 ] DEBUG Engine               - credits: []
07:43:37.481 [FXGL Background Thread 3 ] DEBUG Engine               - defaultCursor: CursorInfo(imageName=fxgl_default_cursor.png, hotspotX=7.0, hotspotY=6.0)
07:43:37.483 [FXGL Background Thread 3 ] DEBUG Engine               - devBBoxColorProperty: ObjectProperty [value: 0xff0000ff]
07:43:37.483 [FXGL Background Thread 3 ] DEBUG Engine               - devEnableDebugCameraProperty: BooleanProperty [value: false]
07:43:37.483 [FXGL Background Thread 3 ] DEBUG Engine               - devSensorColorProperty: ObjectProperty [value: 0xffff00ff]
07:43:37.484 [FXGL Background Thread 3 ] DEBUG Engine               - devShowBBoxProperty: BooleanProperty [value: false]
07:43:37.484 [FXGL Background Thread 3 ] DEBUG Engine               - devShowPositionProperty: BooleanProperty [value: false]
07:43:37.484 [FXGL Background Thread 3 ] DEBUG Engine               - enabledMenuItems: []
07:43:37.485 [FXGL Background Thread 3 ] DEBUG Engine               - engineServices: [class com.almasb.fxgl.app.services.FXGLAssetLoaderService, class com.almasb.fxgl.app.FXGLApplication$GameApplicationService, class com.almasb.fxgl.app.services.FXGLDialogService, class com.almasb.fxgl.app.services.IOTaskExecutorService, class com.almasb.fxgl.io.FileSystemService, class com.almasb.fxgl.localization.LocalizationService, class com.almasb.fxgl.app.services.SystemBundleService, class com.almasb.fxgl.profile.SaveLoadService, class com.almasb.fxgl.ui.FXGLUIFactoryServiceProvider, class com.almasb.fxgl.ui.FXGLDialogFactoryServiceProvider, class com.almasb.fxgl.audio.AudioPlayer, class com.almasb.fxgl.notification.impl.NotificationServiceProvider, class com.almasb.fxgl.achievement.AchievementService, class com.almasb.fxgl.cutscene.CutsceneService, class com.almasb.fxgl.minigames.MiniGameService, class com.almasb.fxgl.net.NetService, class com.almasb.fxgl.app.services.UpdaterService, class com.almasb.fxgl.dev.DevService]
07:43:37.485 [FXGL Background Thread 3 ] DEBUG Engine               - fontGame: Abel-Regular.ttf
07:43:37.485 [FXGL Background Thread 3 ] DEBUG Engine               - fontMono: TerminalLandMono-Regular.otf
07:43:37.485 [FXGL Background Thread 3 ] DEBUG Engine               - fontSizeScaleUI: 1.0
07:43:37.485 [FXGL Background Thread 3 ] DEBUG Engine               - fontText: Courier-Prime.ttf
07:43:37.485 [FXGL Background Thread 3 ] DEBUG Engine               - fontUI: VarelaRound-Regular.ttf
07:43:37.485 [FXGL Background Thread 3 ] DEBUG Engine               - fullScreen: BooleanProperty [value: false]
07:43:37.485 [FXGL Background Thread 3 ] DEBUG Engine               - gameDifficulty: MEDIUM
07:43:37.485 [FXGL Background Thread 3 ] DEBUG Engine               - gameDifficultyProperty: ObjectProperty [value: MEDIUM]
07:43:37.485 [FXGL Background Thread 3 ] DEBUG Engine               - globalMusicVolume: 0.5
07:43:37.485 [FXGL Background Thread 3 ] DEBUG Engine               - globalMusicVolumeProperty: DoubleProperty [value: 0.5]
07:43:37.485 [FXGL Background Thread 3 ] DEBUG Engine               - globalSoundVolume: 0.5
07:43:37.485 [FXGL Background Thread 3 ] DEBUG Engine               - globalSoundVolumeProperty: DoubleProperty [value: 0.5]
07:43:37.485 [FXGL Background Thread 3 ] DEBUG Engine               - height: 700
07:43:37.485 [FXGL Background Thread 3 ] DEBUG Engine               - is3D: false
07:43:37.485 [FXGL Background Thread 3 ] DEBUG Engine               - isAndroid: false
07:43:37.485 [FXGL Background Thread 3 ] DEBUG Engine               - isBrowser: false
07:43:37.485 [FXGL Background Thread 3 ] DEBUG Engine               - isClickFeedbackEnabled: false
07:43:37.485 [FXGL Background Thread 3 ] DEBUG Engine               - isCloseConfirmation: false
07:43:37.485 [FXGL Background Thread 3 ] DEBUG Engine               - isDesktop: true
07:43:37.486 [FXGL Background Thread 3 ] DEBUG Engine               - isDeveloperMenuEnabled: false
07:43:37.486 [FXGL Background Thread 3 ] DEBUG Engine               - isEmbedded: false
07:43:37.486 [FXGL Background Thread 3 ] DEBUG Engine               - isEntityPreloadEnabled: true
07:43:37.486 [FXGL Background Thread 3 ] DEBUG Engine               - isExperimentalTiledLargeMap: false
07:43:37.486 [FXGL Background Thread 3 ] DEBUG Engine               - isFileSystemWriteAllowed: true
07:43:37.486 [FXGL Background Thread 3 ] DEBUG Engine               - isFullScreenAllowed: false
07:43:37.486 [FXGL Background Thread 3 ] DEBUG Engine               - isFullScreenFromStart: false
07:43:37.486 [FXGL Background Thread 3 ] DEBUG Engine               - isGameMenuEnabled: true
07:43:37.486 [FXGL Background Thread 3 ] DEBUG Engine               - isIOS: false
07:43:37.486 [FXGL Background Thread 3 ] DEBUG Engine               - isIntroEnabled: false
07:43:37.486 [FXGL Background Thread 3 ] DEBUG Engine               - isLinux: false
07:43:37.486 [FXGL Background Thread 3 ] DEBUG Engine               - isMac: false
07:43:37.486 [FXGL Background Thread 3 ] DEBUG Engine               - isMainMenuEnabled: true
07:43:37.486 [FXGL Background Thread 3 ] DEBUG Engine               - isManualResizeEnabled: false
07:43:37.486 [FXGL Background Thread 3 ] DEBUG Engine               - isMobile: false
07:43:37.487 [FXGL Background Thread 3 ] DEBUG Engine               - isNative: false
07:43:37.487 [FXGL Background Thread 3 ] DEBUG Engine               - isPauseMusicWhenMinimized: true
07:43:37.488 [FXGL Background Thread 3 ] DEBUG Engine               - isPreserveResizeRatio: false
07:43:37.488 [FXGL Background Thread 3 ] DEBUG Engine               - isProfilingEnabled: false
07:43:37.488 [FXGL Background Thread 3 ] DEBUG Engine               - isScaleAffectedOnResize: true
07:43:37.488 [FXGL Background Thread 3 ] DEBUG Engine               - isSingleStep: false
07:43:37.489 [FXGL Background Thread 3 ] DEBUG Engine               - isUserProfileEnabled: false
07:43:37.489 [FXGL Background Thread 3 ] DEBUG Engine               - isWindows: true
07:43:37.489 [FXGL Background Thread 3 ] DEBUG Engine               - language: ObjectProperty [value: ENGLISH]
07:43:37.489 [FXGL Background Thread 3 ] DEBUG Engine               - menuKey: ESCAPE
07:43:37.489 [FXGL Background Thread 3 ] DEBUG Engine               - mouseSensitivity: 0.2
07:43:37.489 [FXGL Background Thread 3 ] DEBUG Engine               - notificationViewClass: class com.almasb.fxgl.notification.view.XboxNotificationView
07:43:37.489 [FXGL Background Thread 3 ] DEBUG Engine               - pixelsPerMeter: 50.0
07:43:37.489 [FXGL Background Thread 3 ] DEBUG Engine               - platform: WINDOWS
07:43:37.490 [FXGL Background Thread 3 ] DEBUG Engine               - prefHeightProperty: ReadOnlyDoubleProperty [value: 700.0]
07:43:37.490 [FXGL Background Thread 3 ] DEBUG Engine               - prefWidthProperty: ReadOnlyDoubleProperty [value: 1000.0]
07:43:37.490 [FXGL Background Thread 3 ] DEBUG Engine               - profileDir: profiles/
07:43:37.490 [FXGL Background Thread 3 ] DEBUG Engine               - profileName: StringProperty [value: DEFAULT]
07:43:37.490 [FXGL Background Thread 3 ] DEBUG Engine               - randomSeed: -1
07:43:37.490 [FXGL Background Thread 3 ] DEBUG Engine               - runtimeInfo: RuntimeInfo(platform=WINDOWS, version=17.3, build=30.03.2023 11.49)
07:43:37.490 [FXGL Background Thread 3 ] DEBUG Engine               - saveFileExt: sav
07:43:37.490 [FXGL Background Thread 3 ] DEBUG Engine               - scaledHeightProp$fxgl: DoubleProperty [bound, value: 700.0]
07:43:37.490 [FXGL Background Thread 3 ] DEBUG Engine               - scaledWidthProp$fxgl: DoubleProperty [bound, value: 1000.0]
07:43:37.490 [FXGL Background Thread 3 ] DEBUG Engine               - sceneFactory: SchlitzerApp$1@1354a8c5
07:43:37.490 [FXGL Background Thread 3 ] DEBUG Engine               - secondsIn24h: 60
07:43:37.490 [FXGL Background Thread 3 ] DEBUG Engine               - soundMenuBack: menu/back.wav
07:43:37.490 [FXGL Background Thread 3 ] DEBUG Engine               - soundMenuPress: menu/press.wav
07:43:37.490 [FXGL Background Thread 3 ] DEBUG Engine               - soundMenuSelect: menu/select.wav
07:43:37.490 [FXGL Background Thread 3 ] DEBUG Engine               - soundNotification: core/notification.wav
07:43:37.490 [FXGL Background Thread 3 ] DEBUG Engine               - stageStyle: DECORATED
07:43:37.490 [FXGL Background Thread 3 ] DEBUG Engine               - supportedLanguages: [ENGLISH, FRENCH, GERMAN, HUNGARIAN, RUSSIAN]
07:43:37.490 [FXGL Background Thread 3 ] DEBUG Engine               - ticksPerSecond: -1
07:43:37.490 [FXGL Background Thread 3 ] DEBUG Engine               - title: Slither IO - Java FXGL
07:43:37.490 [FXGL Background Thread 3 ] DEBUG Engine               - urlGithub: https://github.com/AlmasB/FXGL
07:43:37.490 [FXGL Background Thread 3 ] DEBUG Engine               - urlLeaderboard: http://fxgl-top.herokuapp.com/
07:43:37.490 [FXGL Background Thread 3 ] DEBUG Engine               - urlPOM: https://raw.githubusercontent.com/AlmasB/FXGL/release/README.md
07:43:37.490 [FXGL Background Thread 3 ] DEBUG Engine               - userAppClass: class SchlitzerApp
07:43:37.490 [FXGL Background Thread 3 ] DEBUG Engine               - version: 1.2
07:43:37.490 [FXGL Background Thread 3 ] DEBUG Engine               - versionCheckDays: 7
07:43:37.490 [FXGL Background Thread 3 ] DEBUG Engine               - width: 1000
07:43:37.490 [FXGL Background Thread 3 ] DEBUG Engine               - Logging services
07:43:37.490 [FXGL Background Thread 3 ] DEBUG Engine               - class com.almasb.fxgl.app.services.FXGLAssetLoaderService
07:43:37.490 [FXGL Background Thread 3 ] DEBUG Engine               - class com.almasb.fxgl.app.FXGLApplication$GameApplicationService
07:43:37.490 [FXGL Background Thread 3 ] DEBUG Engine               - class com.almasb.fxgl.app.services.FXGLDialogService
07:43:37.490 [FXGL Background Thread 3 ] DEBUG Engine               - class com.almasb.fxgl.app.services.IOTaskExecutorService
07:43:37.490 [FXGL Background Thread 3 ] DEBUG Engine               - class com.almasb.fxgl.io.FileSystemService
07:43:37.490 [FXGL Background Thread 3 ] DEBUG Engine               - class com.almasb.fxgl.localization.LocalizationService
07:43:37.491 [FXGL Background Thread 3 ] DEBUG Engine               - class com.almasb.fxgl.app.services.SystemBundleService
07:43:37.491 [FXGL Background Thread 3 ] DEBUG Engine               - class com.almasb.fxgl.profile.SaveLoadService
07:43:37.491 [FXGL Background Thread 3 ] DEBUG Engine               - class com.almasb.fxgl.ui.FXGLUIFactoryServiceProvider
07:43:37.491 [FXGL Background Thread 3 ] DEBUG Engine               - class com.almasb.fxgl.ui.FXGLDialogFactoryServiceProvider
07:43:37.491 [FXGL Background Thread 3 ] DEBUG Engine               - class com.almasb.fxgl.audio.AudioPlayer
07:43:37.491 [FXGL Background Thread 3 ] DEBUG Engine               - class com.almasb.fxgl.notification.impl.NotificationServiceProvider
07:43:37.491 [FXGL Background Thread 3 ] DEBUG Engine               - class com.almasb.fxgl.achievement.AchievementService
07:43:37.491 [FXGL Background Thread 3 ] DEBUG Engine               - class com.almasb.fxgl.cutscene.CutsceneService
07:43:37.491 [FXGL Background Thread 3 ] DEBUG Engine               - class com.almasb.fxgl.minigames.MiniGameService
07:43:37.491 [FXGL Background Thread 3 ] DEBUG Engine               - class com.almasb.fxgl.net.NetService
07:43:37.491 [FXGL Background Thread 3 ] DEBUG Engine               - class com.almasb.fxgl.app.services.UpdaterService
07:43:37.491 [FXGL Background Thread 3 ] DEBUG Engine               - class com.almasb.fxgl.dev.DevService
07:43:39.684 [JavaFX Application Thread] DEBUG Menu                 - fireNewGame()
07:43:39.684 [JavaFX Application Thread] DEBUG GameApplicationServi - Starting new game
07:43:39.684 [JavaFX Application Thread] DEBUG PrimaryStageWindow   - Pop state: MainMenu
07:43:39.684 [JavaFX Application Thread] DEBUG Input                - Clearing active input actions
07:43:39.685 [JavaFX Application Thread] DEBUG GameApplicationServi - Removing overlay from MainMenu and adding to FXGLMainMenuDummyScene
07:43:39.686 [JavaFX Application Thread] DEBUG PrimaryStageWindow   - FXGLMainMenuDummyScene <- MainMenu
07:43:39.686 [JavaFX Application Thread] DEBUG Input                - Clearing active input actions
07:43:39.694 [JavaFX Application Thread] DEBUG GameApplicationServi - Removing overlay from FXGLMainMenuDummyScene and adding to FXGLLoadingScene
07:43:39.695 [JavaFX Application Thread] DEBUG PrimaryStageWindow   - FXGLMainMenuDummyScene -> FXGLLoadingScene
07:43:39.695 [JavaFX Application Thread] DEBUG GameApplicationServi - Clearing previous game
07:43:39.695 [JavaFX Application Thread] DEBUG GameScene            - Clearing game scene
07:43:39.695 [JavaFX Application Thread] DEBUG GameWorld            - Clearing game world
07:43:39.695 [JavaFX Application Thread] DEBUG PhysicsWorld         - Clearing physics world
07:43:39.697 [FXGL Background Thread 2 ] DEBUG FXGLApplication      - Initializing game
07:43:39.775 [FXGL Background Thread 2 ] INFO  FXGLApplication      - Game initialization took: 0,077 sec
07:43:39.776 [JavaFX Application Thread] DEBUG Input                - Clearing active input actions
07:43:39.785 [JavaFX Application Thread] DEBUG GameApplicationServi - Removing overlay from FXGLLoadingScene and adding to GameScene
07:43:39.785 [JavaFX Application Thread] DEBUG PrimaryStageWindow   - FXGLLoadingScene -> GameScene
07:43:39.787 [JavaFX Application Thread] DEBUG LoopRunner           - Stopping loop
07:43:39.789 [JavaFX Application Thread] FATAL FXGLApplication      - Uncaught Exception:
java.lang.NullPointerException: Cannot invoke "model.Snake.getHeadWorldPosition()" because "snake" is null
	at SchlitzerApp.checkFoodCollision(SchlitzerApp.java:159)
	at SchlitzerApp.onUpdate(SchlitzerApp.java:89)
	at com.almasb.fxgl.app.FXGLApplication$GameApplicationService.onGameUpdate(FXGLApplication.kt:421)
	at com.almasb.fxgl.app.Engine.onGameUpdate(Engine.kt:138)
	at com.almasb.fxgl.app.FXGLApplication.postServicesInit$lambda$7(FXGLApplication.kt:182)
	at com.almasb.fxgl.scene.Scene.update(Scene.kt:113)
	at com.almasb.fxgl.app.MainWindow$update$1.invoke(MainWindow.kt:115)
	at com.almasb.fxgl.app.MainWindow$update$1.invoke(MainWindow.kt:115)
	at com.almasb.fxgl.core.fsm.StateMachine.runOnActiveStates(StateMachine.kt:69)
	at com.almasb.fxgl.app.MainWindow.update(MainWindow.kt:115)
	at com.almasb.fxgl.app.FXGLApplication$GameApplicationService.onUpdate(FXGLApplication.kt:426)
	at com.almasb.fxgl.app.Engine.loop(Engine.kt:134)
	at com.almasb.fxgl.app.Engine.access$loop(Engine.kt:24)
	at com.almasb.fxgl.app.Engine$loop$1.invoke(Engine.kt:28)
	at com.almasb.fxgl.app.Engine$loop$1.invoke(Engine.kt:28)
	at com.almasb.fxgl.app.LoopRunner.frame(LoopRunner.kt:103)
	at com.almasb.fxgl.app.LoopRunner.access$frame(LoopRunner.kt:23)
	at com.almasb.fxgl.app.LoopRunner$impl$2$1.onTick(LoopRunner.kt:57)
	at com.almasb.fxgl.app.AnimationTimerLoop$timer$1.handle(LoopRunner.kt:137)
	at javafx.animation.AnimationTimer$AnimationTimerReceiver.lambda$handle$0(AnimationTimer.java:58)
	at java.base/java.security.AccessController.doPrivileged(AccessController.java:138)
	at javafx.animation.AnimationTimer$AnimationTimerReceiver.handle(AnimationTimer.java:57)
	at com.sun.scenario.animation.AbstractPrimaryTimer.timePulseImpl(AbstractPrimaryTimer.java:356)
	at com.sun.scenario.animation.AbstractPrimaryTimer$MainLoop.run(AbstractPrimaryTimer.java:266)
	at com.sun.javafx.tk.quantum.QuantumToolkit.pulse(QuantumToolkit.java:588)
	at com.sun.javafx.tk.quantum.QuantumToolkit.pulse(QuantumToolkit.java:572)
	at com.sun.javafx.tk.quantum.QuantumToolkit.pulseFromQueue(QuantumToolkit.java:565)
	at com.sun.javafx.tk.quantum.QuantumToolkit.lambda$runToolkit$11(QuantumToolkit.java:352)
	at com.sun.glass.ui.InvokeLaterDispatcher$Future.run(InvokeLaterDispatcher.java:95)
	at com.sun.glass.ui.win.WinApplication._runLoop(Native Method)
	at com.sun.glass.ui.win.WinApplication.lambda$runLoop$3(WinApplication.java:185)
	at java.base/java.lang.Thread.run(Thread.java:1516)

07:43:39.792 [JavaFX Application Thread] FATAL FXGLApplication      - Application will now exit
07:43:39.811 [JavaFX Application Thread] DEBUG PrimaryStageWindow   - Push state: ErrorSubScene
07:43:39.812 [JavaFX Application Thread] DEBUG Input                - Clearing active input actions
07:43:39.813 [JavaFX Application Thread] DEBUG GameApplicationServi - Removing overlay from GameScene and adding to ErrorSubScene
07:43:39.814 [JavaFX Application Thread] DEBUG PrimaryStageWindow   - GameScene -> ErrorSubScene
07:43:51.333 [JavaFX Application Thread] DEBUG FXGLApplication      - Exiting FXGL
07:43:51.334 [JavaFX Application Thread] DEBUG Async                - Shutting down background threads
07:43:51.334 [JavaFX Application Thread] DEBUG PrimaryStageWindow   - Closing main window
07:43:51.376 [JavaFX Application Thread] DEBUG Logger               - Closing Logger
